<?xml version="1.0" encoding="UTF-8"?>
<!-- Generated by org.testng.reporters.JUnitXMLReporter -->
<testsuite hostname="LAPTOP-PCKJJG41" ignored="0" name="Test" tests="3" failures="0" timestamp="2019-09-10T13:50:41 EDT" time="0.044" errors="0">
  <testcase name="test2" time="0.005" classname="com.bit.tech.RegressionTest"/>
  <testcase name="test3" time="0.001" classname="com.bit.tech.RegressionTest"/>
  <testcase name="test4" time="0.001" classname="com.bit.tech.RegressionTest"/>
</testsuite> <!-- Test -->
