<?xml version="1.0" encoding="UTF-8"?>
<!-- Generated by org.testng.reporters.JUnitXMLReporter -->
<testsuite hostname="LAPTOP-PCKJJG41" ignored="2" name="anything" tests="1" failures="0" timestamp="01 Sep 2019 16:39:34 GMT" time="0.023" errors="0">
  <testcase name="test2" time="0.006" classname="com.bit.tech.RegressionTest"/>
  <testcase name="test4" time="0.0" classname="com.bit.tech.RegressionTest">
    <ignored/>
  </testcase> <!-- test4 -->
  <testcase name="test3" time="0.0" classname="com.bit.tech.RegressionTest">
    <ignored/>
  </testcase> <!-- test3 -->
</testsuite> <!-- anything -->
